<?xml version="1.0" encoding="UTF-8"?>
<!-- Generated by org.testng.reporters.JUnitXMLReporter -->
<testsuite ignored="0" hostname="LAPTOP-A3CNVOI4" failures="2" tests="3" name="Test" time="32.045" errors="0" timestamp="2023-02-17T08:58:55 IST">
  <testcase classname="TestCases.verifyLogin" name="login" time="0.716">
    <failure type="java.lang.AssertionError" message="The following asserts failed:
	Error message is not matching expected [Please check your and password. If you still can&amp;apos;t log in, contact your Salesforce administrator., Please check your and password. If you still can&amp;apos;t log in, contact your Salesforce administrator.] but found [Please check your username and password. If you still can&amp;apos;t log in, contact your Salesforce administrator.]">
      <![CDATA[java.lang.AssertionError: The following asserts failed:
Error message is not matching expected [Please check your and password. If you still can't log in, contact your Salesforce administrator., Please check your and password. If you still can't log in, contact your Salesforce administrator.] but found [Please check your username and password. If you still can't log in, contact your Salesforce administrator.]
at Resources.commonMethods.handleAssertions(commonMethods.java:26)
at TestCases.verifyLogin.login(verifyLogin.java:29)
at java.base/java.util.ArrayList.forEach(ArrayList.java:1541)
... Removed 33 stack frames]]>
    </failure>
  </testcase> <!-- login -->
  <testcase classname="TestCases.verifyLogin" name="login" time="1.023">
    <failure type="java.lang.AssertionError" message="The following asserts failed:
	Error message is not matching expected [Please check your and password. If you still can&amp;apos;t log in, contact your Salesforce administrator., Please check your and password. If you still can&amp;apos;t log in, contact your Salesforce administrator.] but found [Please check your username and password. If you still can&amp;apos;t log in, contact your Salesforce administrator.]">
      <![CDATA[java.lang.AssertionError: The following asserts failed:
Error message is not matching expected [Please check your and password. If you still can't log in, contact your Salesforce administrator., Please check your and password. If you still can't log in, contact your Salesforce administrator.] but found [Please check your username and password. If you still can't log in, contact your Salesforce administrator.]
at Resources.commonMethods.handleAssertions(commonMethods.java:26)
at TestCases.verifyLogin.login(verifyLogin.java:29)
at java.base/java.util.ArrayList.forEach(ArrayList.java:1541)
... Removed 33 stack frames]]>
    </failure>
  </testcase> <!-- login -->
  <testcase classname="TestCases.verifySignup" name="signup" time="10.88"/>
</testsuite> <!-- Test -->
