<?xml version="1.0" encoding="UTF-8"?>
<testng-results ignored="0" total="1" passed="1" failed="0" skipped="0">
  <reporter-output>
  </reporter-output>
  <suite started-at="2023-02-13T09:06:18 IST" name="Default suite" finished-at="2023-02-13T09:06:24 IST" duration-ms="6441">
    <groups>
    </groups>
    <test started-at="2023-02-13T09:06:18 IST" name="Default test" finished-at="2023-02-13T09:06:24 IST" duration-ms="6441">
      <class name="TestCases.verifyLogin">
        <test-method signature="login()[pri:0, instance:TestCases.verifyLogin@1b1426f4]" started-at="2023-02-13T09:06:18 IST" name="login" finished-at="2023-02-13T09:06:24 IST" duration-ms="6356" status="PASS">
          <reporter-output>
          </reporter-output>
        </test-method> <!-- login -->
      </class> <!-- TestCases.verifyLogin -->
    </test> <!-- Default test -->
  </suite> <!-- Default suite -->
</testng-results>
